[2021-11-20 21:56:25] local.ERROR: SQLSTATE[HY000] [1045] Access denied for user 'root'@'localhost' (using password: NO) (SQL: select * from information_schema.tables where table_schema = laravel-vue and table_name = migrations and table_type = 'BASE TABLE') {"exception":"[object] (Illuminate\\Database\\QueryException(code: 1045): SQLSTATE[HY000] [1045] Access denied for user 'root'@'localhost' (using password: NO) (SQL: select * from information_schema.tables where table_schema = laravel-vue and table_name = migrations and table_type = 'BASE TABLE') at /home/facundo/laravel-vue-crud/vendor/laravel/framework/src/Illuminate/Database/Connection.php:703)
[stacktrace]
#0 /home/facundo/laravel-vue-crud/vendor/laravel/framework/src/Illuminate/Database/Connection.php(663): Illuminate\\Database\\Connection->runQueryCallback()
#1 /home/facundo/laravel-vue-crud/vendor/laravel/framework/src/Illuminate/Database/Connection.php(367): Illuminate\\Database\\Connection->run()
#2 /home/facundo/laravel-vue-crud/vendor/laravel/framework/src/Illuminate/Database/Schema/MySqlBuilder.php(44): Illuminate\\Database\\Connection->select()
#3 /home/facundo/laravel-vue-crud/vendor/laravel/framework/src/Illuminate/Database/Migrations/DatabaseMigrationRepository.php(169): Illuminate\\Database\\Schema\\MySqlBuilder->hasTable()
#4 /home/facundo/laravel-vue-crud/vendor/laravel/framework/src/Illuminate/Database/Migrations/Migrator.php(652): Illuminate\\Database\\Migrations\\DatabaseMigrationRepository->repositoryExists()
#5 /home/facundo/laravel-vue-crud/vendor/laravel/framework/src/Illuminate/Database/Console/Migrations/MigrateCommand.php(106): Illuminate\\Database\\Migrations\\Migrator->repositoryExists()
#6 /home/facundo/laravel-vue-crud/vendor/laravel/framework/src/Illuminate/Database/Console/Migrations/MigrateCommand.php(77): Illuminate\\Database\\Console\\Migrations\\MigrateCommand->prepareDatabase()
#7 /home/facundo/laravel-vue-crud/vendor/laravel/framework/src/Illuminate/Database/Migrations/Migrator.php(585): Illuminate\\Database\\Console\\Migrations\\MigrateCommand->Illuminate\\Database\\Console\\Migrations\\{closure}()
#8 /home/facundo/laravel-vue-crud/vendor/laravel/framework/src/Illuminate/Database/Console/Migrations/MigrateCommand.php(94): Illuminate\\Database\\Migrations\\Migrator->usingConnection()
#9 /home/facundo/laravel-vue-crud/vendor/laravel/framework/src/Illuminate/Container/BoundMethod.php(36): Illuminate\\Database\\Console\\Migrations\\MigrateCommand->handle()
#10 /home/facundo/laravel-vue-crud/vendor/laravel/framework/src/Illuminate/Container/Util.php(40): Illuminate\\Container\\BoundMethod::Illuminate\\Container\\{closure}()
#11 /home/facundo/laravel-vue-crud/vendor/laravel/framework/src/Illuminate/Container/BoundMethod.php(93): Illuminate\\Container\\Util::unwrapIfClosure()
#12 /home/facundo/laravel-vue-crud/vendor/laravel/framework/src/Illuminate/Container/BoundMethod.php(37): Illuminate\\Container\\BoundMethod::callBoundMethod()
#13 /home/facundo/laravel-vue-crud/vendor/laravel/framework/src/Illuminate/Container/Container.php(653): Illuminate\\Container\\BoundMethod::call()
#14 /home/facundo/laravel-vue-crud/vendor/laravel/framework/src/Illuminate/Console/Command.php(136): Illuminate\\Container\\Container->call()
#15 /home/facundo/laravel-vue-crud/vendor/symfony/console/Command/Command.php(299): Illuminate\\Console\\Command->execute()
#16 /home/facundo/laravel-vue-crud/vendor/laravel/framework/src/Illuminate/Console/Command.php(121): Symfony\\Component\\Console\\Command\\Command->run()
#17 /home/facundo/laravel-vue-crud/vendor/symfony/console/Application.php(978): Illuminate\\Console\\Command->run()
#18 /home/facundo/laravel-vue-crud/vendor/symfony/console/Application.php(295): Symfony\\Component\\Console\\Application->doRunCommand()
#19 /home/facundo/laravel-vue-crud/vendor/symfony/console/Application.php(167): Symfony\\Component\\Console\\Application->doRun()
#20 /home/facundo/laravel-vue-crud/vendor/laravel/framework/src/Illuminate/Console/Application.php(94): Symfony\\Component\\Console\\Application->run()
#21 /home/facundo/laravel-vue-crud/vendor/laravel/framework/src/Illuminate/Foundation/Console/Kernel.php(129): Illuminate\\Console\\Application->run()
#22 /home/facundo/laravel-vue-crud/artisan(37): Illuminate\\Foundation\\Console\\Kernel->handle()
#23 {main}

[previous exception] [object] (PDOException(code: 1045): SQLSTATE[HY000] [1045] Access denied for user 'root'@'localhost' (using password: NO) at /home/facundo/laravel-vue-crud/vendor/laravel/framework/src/Illuminate/Database/Connectors/Connector.php:70)
[stacktrace]
#0 /home/facundo/laravel-vue-crud/vendor/laravel/framework/src/Illuminate/Database/Connectors/Connector.php(70): PDO->__construct()
#1 /home/facundo/laravel-vue-crud/vendor/laravel/framework/src/Illuminate/Database/Connectors/Connector.php(46): Illuminate\\Database\\Connectors\\Connector->createPdoConnection()
#2 /home/facundo/laravel-vue-crud/vendor/laravel/framework/src/Illuminate/Database/Connectors/MySqlConnector.php(24): Illuminate\\Database\\Connectors\\Connector->createConnection()
#3 /home/facundo/laravel-vue-crud/vendor/laravel/framework/src/Illuminate/Database/Connectors/ConnectionFactory.php(184): Illuminate\\Database\\Connectors\\MySqlConnector->connect()
#4 [internal function]: Illuminate\\Database\\Connectors\\ConnectionFactory->Illuminate\\Database\\Connectors\\{closure}()
#5 /home/facundo/laravel-vue-crud/vendor/laravel/framework/src/Illuminate/Database/Connection.php(1021): call_user_func()
#6 /home/facundo/laravel-vue-crud/vendor/laravel/framework/src/Illuminate/Database/Connection.php(1057): Illuminate\\Database\\Connection->getPdo()
#7 /home/facundo/laravel-vue-crud/vendor/laravel/framework/src/Illuminate/Database/Connection.php(433): Illuminate\\Database\\Connection->getReadPdo()
#8 /home/facundo/laravel-vue-crud/vendor/laravel/framework/src/Illuminate/Database/Connection.php(359): Illuminate\\Database\\Connection->getPdoForSelect()
#9 /home/facundo/laravel-vue-crud/vendor/laravel/framework/src/Illuminate/Database/Connection.php(696): Illuminate\\Database\\Connection->Illuminate\\Database\\{closure}()
#10 /home/facundo/laravel-vue-crud/vendor/laravel/framework/src/Illuminate/Database/Connection.php(663): Illuminate\\Database\\Connection->runQueryCallback()
#11 /home/facundo/laravel-vue-crud/vendor/laravel/framework/src/Illuminate/Database/Connection.php(367): Illuminate\\Database\\Connection->run()
#12 /home/facundo/laravel-vue-crud/vendor/laravel/framework/src/Illuminate/Database/Schema/MySqlBuilder.php(44): Illuminate\\Database\\Connection->select()
#13 /home/facundo/laravel-vue-crud/vendor/laravel/framework/src/Illuminate/Database/Migrations/DatabaseMigrationRepository.php(169): Illuminate\\Database\\Schema\\MySqlBuilder->hasTable()
#14 /home/facundo/laravel-vue-crud/vendor/laravel/framework/src/Illuminate/Database/Migrations/Migrator.php(652): Illuminate\\Database\\Migrations\\DatabaseMigrationRepository->repositoryExists()
#15 /home/facundo/laravel-vue-crud/vendor/laravel/framework/src/Illuminate/Database/Console/Migrations/MigrateCommand.php(106): Illuminate\\Database\\Migrations\\Migrator->repositoryExists()
#16 /home/facundo/laravel-vue-crud/vendor/laravel/framework/src/Illuminate/Database/Console/Migrations/MigrateCommand.php(77): Illuminate\\Database\\Console\\Migrations\\MigrateCommand->prepareDatabase()
#17 /home/facundo/laravel-vue-crud/vendor/laravel/framework/src/Illuminate/Database/Migrations/Migrator.php(585): Illuminate\\Database\\Console\\Migrations\\MigrateCommand->Illuminate\\Database\\Console\\Migrations\\{closure}()
#18 /home/facundo/laravel-vue-crud/vendor/laravel/framework/src/Illuminate/Database/Console/Migrations/MigrateCommand.php(94): Illuminate\\Database\\Migrations\\Migrator->usingConnection()
#19 /home/facundo/laravel-vue-crud/vendor/laravel/framework/src/Illuminate/Container/BoundMethod.php(36): Illuminate\\Database\\Console\\Migrations\\MigrateCommand->handle()
#20 /home/facundo/laravel-vue-crud/vendor/laravel/framework/src/Illuminate/Container/Util.php(40): Illuminate\\Container\\BoundMethod::Illuminate\\Container\\{closure}()
#21 /home/facundo/laravel-vue-crud/vendor/laravel/framework/src/Illuminate/Container/BoundMethod.php(93): Illuminate\\Container\\Util::unwrapIfClosure()
#22 /home/facundo/laravel-vue-crud/vendor/laravel/framework/src/Illuminate/Container/BoundMethod.php(37): Illuminate\\Container\\BoundMethod::callBoundMethod()
#23 /home/facundo/laravel-vue-crud/vendor/laravel/framework/src/Illuminate/Container/Container.php(653): Illuminate\\Container\\BoundMethod::call()
#24 /home/facundo/laravel-vue-crud/vendor/laravel/framework/src/Illuminate/Console/Command.php(136): Illuminate\\Container\\Container->call()
#25 /home/facundo/laravel-vue-crud/vendor/symfony/console/Command/Command.php(299): Illuminate\\Console\\Command->execute()
#26 /home/facundo/laravel-vue-crud/vendor/laravel/framework/src/Illuminate/Console/Command.php(121): Symfony\\Component\\Console\\Command\\Command->run()
#27 /home/facundo/laravel-vue-crud/vendor/symfony/console/Application.php(978): Illuminate\\Console\\Command->run()
#28 /home/facundo/laravel-vue-crud/vendor/symfony/console/Application.php(295): Symfony\\Component\\Console\\Application->doRunCommand()
#29 /home/facundo/laravel-vue-crud/vendor/symfony/console/Application.php(167): Symfony\\Component\\Console\\Application->doRun()
#30 /home/facundo/laravel-vue-crud/vendor/laravel/framework/src/Illuminate/Console/Application.php(94): Symfony\\Component\\Console\\Application->run()
#31 /home/facundo/laravel-vue-crud/vendor/laravel/framework/src/Illuminate/Foundation/Console/Kernel.php(129): Illuminate\\Console\\Application->run()
#32 /home/facundo/laravel-vue-crud/artisan(37): Illuminate\\Foundation\\Console\\Kernel->handle()
#33 {main}
"} 
[2021-11-20 21:57:23] local.ERROR: SQLSTATE[HY000] [1045] Access denied for user 'root'@'localhost' (using password: NO) (SQL: select * from information_schema.tables where table_schema = laravel-vue and table_name = migrations and table_type = 'BASE TABLE') {"exception":"[object] (Illuminate\\Database\\QueryException(code: 1045): SQLSTATE[HY000] [1045] Access denied for user 'root'@'localhost' (using password: NO) (SQL: select * from information_schema.tables where table_schema = laravel-vue and table_name = migrations and table_type = 'BASE TABLE') at /home/facundo/laravel-vue-crud/vendor/laravel/framework/src/Illuminate/Database/Connection.php:703)
[stacktrace]
#0 /home/facundo/laravel-vue-crud/vendor/laravel/framework/src/Illuminate/Database/Connection.php(663): Illuminate\\Database\\Connection->runQueryCallback()
#1 /home/facundo/laravel-vue-crud/vendor/laravel/framework/src/Illuminate/Database/Connection.php(367): Illuminate\\Database\\Connection->run()
#2 /home/facundo/laravel-vue-crud/vendor/laravel/framework/src/Illuminate/Database/Schema/MySqlBuilder.php(44): Illuminate\\Database\\Connection->select()
#3 /home/facundo/laravel-vue-crud/vendor/laravel/framework/src/Illuminate/Database/Migrations/DatabaseMigrationRepository.php(169): Illuminate\\Database\\Schema\\MySqlBuilder->hasTable()
#4 /home/facundo/laravel-vue-crud/vendor/laravel/framework/src/Illuminate/Database/Migrations/Migrator.php(652): Illuminate\\Database\\Migrations\\DatabaseMigrationRepository->repositoryExists()
#5 /home/facundo/laravel-vue-crud/vendor/laravel/framework/src/Illuminate/Database/Console/Migrations/MigrateCommand.php(106): Illuminate\\Database\\Migrations\\Migrator->repositoryExists()
#6 /home/facundo/laravel-vue-crud/vendor/laravel/framework/src/Illuminate/Database/Console/Migrations/MigrateCommand.php(77): Illuminate\\Database\\Console\\Migrations\\MigrateCommand->prepareDatabase()
#7 /home/facundo/laravel-vue-crud/vendor/laravel/framework/src/Illuminate/Database/Migrations/Migrator.php(585): Illuminate\\Database\\Console\\Migrations\\MigrateCommand->Illuminate\\Database\\Console\\Migrations\\{closure}()
#8 /home/facundo/laravel-vue-crud/vendor/laravel/framework/src/Illuminate/Database/Console/Migrations/MigrateCommand.php(94): Illuminate\\Database\\Migrations\\Migrator->usingConnection()
#9 /home/facundo/laravel-vue-crud/vendor/laravel/framework/src/Illuminate/Container/BoundMethod.php(36): Illuminate\\Database\\Console\\Migrations\\MigrateCommand->handle()
#10 /home/facundo/laravel-vue-crud/vendor/laravel/framework/src/Illuminate/Container/Util.php(40): Illuminate\\Container\\BoundMethod::Illuminate\\Container\\{closure}()
#11 /home/facundo/laravel-vue-crud/vendor/laravel/framework/src/Illuminate/Container/BoundMethod.php(93): Illuminate\\Container\\Util::unwrapIfClosure()
#12 /home/facundo/laravel-vue-crud/vendor/laravel/framework/src/Illuminate/Container/BoundMethod.php(37): Illuminate\\Container\\BoundMethod::callBoundMethod()
#13 /home/facundo/laravel-vue-crud/vendor/laravel/framework/src/Illuminate/Container/Container.php(653): Illuminate\\Container\\BoundMethod::call()
#14 /home/facundo/laravel-vue-crud/vendor/laravel/framework/src/Illuminate/Console/Command.php(136): Illuminate\\Container\\Container->call()
#15 /home/facundo/laravel-vue-crud/vendor/symfony/console/Command/Command.php(299): Illuminate\\Console\\Command->execute()
#16 /home/facundo/laravel-vue-crud/vendor/laravel/framework/src/Illuminate/Console/Command.php(121): Symfony\\Component\\Console\\Command\\Command->run()
#17 /home/facundo/laravel-vue-crud/vendor/symfony/console/Application.php(978): Illuminate\\Console\\Command->run()
#18 /home/facundo/laravel-vue-crud/vendor/symfony/console/Application.php(295): Symfony\\Component\\Console\\Application->doRunCommand()
#19 /home/facundo/laravel-vue-crud/vendor/symfony/console/Application.php(167): Symfony\\Component\\Console\\Application->doRun()
#20 /home/facundo/laravel-vue-crud/vendor/laravel/framework/src/Illuminate/Console/Application.php(94): Symfony\\Component\\Console\\Application->run()
#21 /home/facundo/laravel-vue-crud/vendor/laravel/framework/src/Illuminate/Foundation/Console/Kernel.php(129): Illuminate\\Console\\Application->run()
#22 /home/facundo/laravel-vue-crud/artisan(37): Illuminate\\Foundation\\Console\\Kernel->handle()
#23 {main}

[previous exception] [object] (PDOException(code: 1045): SQLSTATE[HY000] [1045] Access denied for user 'root'@'localhost' (using password: NO) at /home/facundo/laravel-vue-crud/vendor/laravel/framework/src/Illuminate/Database/Connectors/Connector.php:70)
[stacktrace]
#0 /home/facundo/laravel-vue-crud/vendor/laravel/framework/src/Illuminate/Database/Connectors/Connector.php(70): PDO->__construct()
#1 /home/facundo/laravel-vue-crud/vendor/laravel/framework/src/Illuminate/Database/Connectors/Connector.php(46): Illuminate\\Database\\Connectors\\Connector->createPdoConnection()
#2 /home/facundo/laravel-vue-crud/vendor/laravel/framework/src/Illuminate/Database/Connectors/MySqlConnector.php(24): Illuminate\\Database\\Connectors\\Connector->createConnection()
#3 /home/facundo/laravel-vue-crud/vendor/laravel/framework/src/Illuminate/Database/Connectors/ConnectionFactory.php(184): Illuminate\\Database\\Connectors\\MySqlConnector->connect()
#4 [internal function]: Illuminate\\Database\\Connectors\\ConnectionFactory->Illuminate\\Database\\Connectors\\{closure}()
#5 /home/facundo/laravel-vue-crud/vendor/laravel/framework/src/Illuminate/Database/Connection.php(1021): call_user_func()
#6 /home/facundo/laravel-vue-crud/vendor/laravel/framework/src/Illuminate/Database/Connection.php(1057): Illuminate\\Database\\Connection->getPdo()
#7 /home/facundo/laravel-vue-crud/vendor/laravel/framework/src/Illuminate/Database/Connection.php(433): Illuminate\\Database\\Connection->getReadPdo()
#8 /home/facundo/laravel-vue-crud/vendor/laravel/framework/src/Illuminate/Database/Connection.php(359): Illuminate\\Database\\Connection->getPdoForSelect()
#9 /home/facundo/laravel-vue-crud/vendor/laravel/framework/src/Illuminate/Database/Connection.php(696): Illuminate\\Database\\Connection->Illuminate\\Database\\{closure}()
#10 /home/facundo/laravel-vue-crud/vendor/laravel/framework/src/Illuminate/Database/Connection.php(663): Illuminate\\Database\\Connection->runQueryCallback()
#11 /home/facundo/laravel-vue-crud/vendor/laravel/framework/src/Illuminate/Database/Connection.php(367): Illuminate\\Database\\Connection->run()
#12 /home/facundo/laravel-vue-crud/vendor/laravel/framework/src/Illuminate/Database/Schema/MySqlBuilder.php(44): Illuminate\\Database\\Connection->select()
#13 /home/facundo/laravel-vue-crud/vendor/laravel/framework/src/Illuminate/Database/Migrations/DatabaseMigrationRepository.php(169): Illuminate\\Database\\Schema\\MySqlBuilder->hasTable()
#14 /home/facundo/laravel-vue-crud/vendor/laravel/framework/src/Illuminate/Database/Migrations/Migrator.php(652): Illuminate\\Database\\Migrations\\DatabaseMigrationRepository->repositoryExists()
#15 /home/facundo/laravel-vue-crud/vendor/laravel/framework/src/Illuminate/Database/Console/Migrations/MigrateCommand.php(106): Illuminate\\Database\\Migrations\\Migrator->repositoryExists()
#16 /home/facundo/laravel-vue-crud/vendor/laravel/framework/src/Illuminate/Database/Console/Migrations/MigrateCommand.php(77): Illuminate\\Database\\Console\\Migrations\\MigrateCommand->prepareDatabase()
#17 /home/facundo/laravel-vue-crud/vendor/laravel/framework/src/Illuminate/Database/Migrations/Migrator.php(585): Illuminate\\Database\\Console\\Migrations\\MigrateCommand->Illuminate\\Database\\Console\\Migrations\\{closure}()
#18 /home/facundo/laravel-vue-crud/vendor/laravel/framework/src/Illuminate/Database/Console/Migrations/MigrateCommand.php(94): Illuminate\\Database\\Migrations\\Migrator->usingConnection()
#19 /home/facundo/laravel-vue-crud/vendor/laravel/framework/src/Illuminate/Container/BoundMethod.php(36): Illuminate\\Database\\Console\\Migrations\\MigrateCommand->handle()
#20 /home/facundo/laravel-vue-crud/vendor/laravel/framework/src/Illuminate/Container/Util.php(40): Illuminate\\Container\\BoundMethod::Illuminate\\Container\\{closure}()
#21 /home/facundo/laravel-vue-crud/vendor/laravel/framework/src/Illuminate/Container/BoundMethod.php(93): Illuminate\\Container\\Util::unwrapIfClosure()
#22 /home/facundo/laravel-vue-crud/vendor/laravel/framework/src/Illuminate/Container/BoundMethod.php(37): Illuminate\\Container\\BoundMethod::callBoundMethod()
#23 /home/facundo/laravel-vue-crud/vendor/laravel/framework/src/Illuminate/Container/Container.php(653): Illuminate\\Container\\BoundMethod::call()
#24 /home/facundo/laravel-vue-crud/vendor/laravel/framework/src/Illuminate/Console/Command.php(136): Illuminate\\Container\\Container->call()
#25 /home/facundo/laravel-vue-crud/vendor/symfony/console/Command/Command.php(299): Illuminate\\Console\\Command->execute()
#26 /home/facundo/laravel-vue-crud/vendor/laravel/framework/src/Illuminate/Console/Command.php(121): Symfony\\Component\\Console\\Command\\Command->run()
#27 /home/facundo/laravel-vue-crud/vendor/symfony/console/Application.php(978): Illuminate\\Console\\Command->run()
#28 /home/facundo/laravel-vue-crud/vendor/symfony/console/Application.php(295): Symfony\\Component\\Console\\Application->doRunCommand()
#29 /home/facundo/laravel-vue-crud/vendor/symfony/console/Application.php(167): Symfony\\Component\\Console\\Application->doRun()
#30 /home/facundo/laravel-vue-crud/vendor/laravel/framework/src/Illuminate/Console/Application.php(94): Symfony\\Component\\Console\\Application->run()
#31 /home/facundo/laravel-vue-crud/vendor/laravel/framework/src/Illuminate/Foundation/Console/Kernel.php(129): Illuminate\\Console\\Application->run()
#32 /home/facundo/laravel-vue-crud/artisan(37): Illuminate\\Foundation\\Console\\Kernel->handle()
#33 {main}
"} 
[2021-11-20 22:11:40] local.ERROR: SQLSTATE[42S22]: Column not found: 1054 Unknown column 'email' in 'field list' (SQL: insert into `contacts` (`first_name`, `last_name`, `email`, `phone`, `address`, `updated_at`, `created_at`) values (Dr. Elwyn Bogan IV, Yost, melyssa17@example.org, +1-253-231-7692, 1481 McClure Dale
Emmerichburgh, AZ 29971-3826, 2021-11-20 22:11:40, 2021-11-20 22:11:40)) {"exception":"[object] (Illuminate\\Database\\QueryException(code: 42S22): SQLSTATE[42S22]: Column not found: 1054 Unknown column 'email' in 'field list' (SQL: insert into `contacts` (`first_name`, `last_name`, `email`, `phone`, `address`, `updated_at`, `created_at`) values (Dr. Elwyn Bogan IV, Yost, melyssa17@example.org, +1-253-231-7692, 1481 McClure Dale
Emmerichburgh, AZ 29971-3826, 2021-11-20 22:11:40, 2021-11-20 22:11:40)) at /home/facundo/laravel-vue-crud/vendor/laravel/framework/src/Illuminate/Database/Connection.php:703)
[stacktrace]
#0 /home/facundo/laravel-vue-crud/vendor/laravel/framework/src/Illuminate/Database/Connection.php(663): Illuminate\\Database\\Connection->runQueryCallback()
#1 /home/facundo/laravel-vue-crud/vendor/laravel/framework/src/Illuminate/Database/Connection.php(493): Illuminate\\Database\\Connection->run()
#2 /home/facundo/laravel-vue-crud/vendor/laravel/framework/src/Illuminate/Database/Connection.php(445): Illuminate\\Database\\Connection->statement()
#3 /home/facundo/laravel-vue-crud/vendor/laravel/framework/src/Illuminate/Database/Query/Processors/Processor.php(32): Illuminate\\Database\\Connection->insert()
#4 /home/facundo/laravel-vue-crud/vendor/laravel/framework/src/Illuminate/Database/Query/Builder.php(2966): Illuminate\\Database\\Query\\Processors\\Processor->processInsertGetId()
#5 /home/facundo/laravel-vue-crud/vendor/laravel/framework/src/Illuminate/Database/Eloquent/Builder.php(1641): Illuminate\\Database\\Query\\Builder->insertGetId()
#6 /home/facundo/laravel-vue-crud/vendor/laravel/framework/src/Illuminate/Database/Eloquent/Model.php(1188): Illuminate\\Database\\Eloquent\\Builder->__call()
#7 /home/facundo/laravel-vue-crud/vendor/laravel/framework/src/Illuminate/Database/Eloquent/Model.php(1153): Illuminate\\Database\\Eloquent\\Model->insertAndSetId()
#8 /home/facundo/laravel-vue-crud/vendor/laravel/framework/src/Illuminate/Database/Eloquent/Model.php(994): Illuminate\\Database\\Eloquent\\Model->performInsert()
#9 /home/facundo/laravel-vue-crud/vendor/laravel/framework/src/Illuminate/Database/Eloquent/Factories/Factory.php(314): Illuminate\\Database\\Eloquent\\Model->save()
#10 /home/facundo/laravel-vue-crud/vendor/laravel/framework/src/Illuminate/Collections/Traits/EnumeratesValues.php(242): Illuminate\\Database\\Eloquent\\Factories\\Factory->Illuminate\\Database\\Eloquent\\Factories\\{closure}()
#11 /home/facundo/laravel-vue-crud/vendor/laravel/framework/src/Illuminate/Database/Eloquent/Factories/Factory.php(317): Illuminate\\Support\\Collection->each()
#12 /home/facundo/laravel-vue-crud/vendor/laravel/framework/src/Illuminate/Database/Eloquent/Factories/Factory.php(265): Illuminate\\Database\\Eloquent\\Factories\\Factory->store()
#13 /home/facundo/laravel-vue-crud/database/seeders/DatabaseSeeder.php(17): Illuminate\\Database\\Eloquent\\Factories\\Factory->create()
#14 /home/facundo/laravel-vue-crud/vendor/laravel/framework/src/Illuminate/Container/BoundMethod.php(36): Database\\Seeders\\DatabaseSeeder->run()
#15 /home/facundo/laravel-vue-crud/vendor/laravel/framework/src/Illuminate/Container/Util.php(40): Illuminate\\Container\\BoundMethod::Illuminate\\Container\\{closure}()
#16 /home/facundo/laravel-vue-crud/vendor/laravel/framework/src/Illuminate/Container/BoundMethod.php(93): Illuminate\\Container\\Util::unwrapIfClosure()
#17 /home/facundo/laravel-vue-crud/vendor/laravel/framework/src/Illuminate/Container/BoundMethod.php(37): Illuminate\\Container\\BoundMethod::callBoundMethod()
#18 /home/facundo/laravel-vue-crud/vendor/laravel/framework/src/Illuminate/Container/Container.php(653): Illuminate\\Container\\BoundMethod::call()
#19 /home/facundo/laravel-vue-crud/vendor/laravel/framework/src/Illuminate/Database/Seeder.php(149): Illuminate\\Container\\Container->call()
#20 /home/facundo/laravel-vue-crud/vendor/laravel/framework/src/Illuminate/Database/Console/Seeds/SeedCommand.php(66): Illuminate\\Database\\Seeder->__invoke()
#21 /home/facundo/laravel-vue-crud/vendor/laravel/framework/src/Illuminate/Database/Eloquent/Concerns/GuardsAttributes.php(157): Illuminate\\Database\\Console\\Seeds\\SeedCommand->Illuminate\\Database\\Console\\Seeds\\{closure}()
#22 /home/facundo/laravel-vue-crud/vendor/laravel/framework/src/Illuminate/Database/Console/Seeds/SeedCommand.php(67): Illuminate\\Database\\Eloquent\\Model::unguarded()
#23 /home/facundo/laravel-vue-crud/vendor/laravel/framework/src/Illuminate/Container/BoundMethod.php(36): Illuminate\\Database\\Console\\Seeds\\SeedCommand->handle()
#24 /home/facundo/laravel-vue-crud/vendor/laravel/framework/src/Illuminate/Container/Util.php(40): Illuminate\\Container\\BoundMethod::Illuminate\\Container\\{closure}()
#25 /home/facundo/laravel-vue-crud/vendor/laravel/framework/src/Illuminate/Container/BoundMethod.php(93): Illuminate\\Container\\Util::unwrapIfClosure()
#26 /home/facundo/laravel-vue-crud/vendor/laravel/framework/src/Illuminate/Container/BoundMethod.php(37): Illuminate\\Container\\BoundMethod::callBoundMethod()
#27 /home/facundo/laravel-vue-crud/vendor/laravel/framework/src/Illuminate/Container/Container.php(653): Illuminate\\Container\\BoundMethod::call()
#28 /home/facundo/laravel-vue-crud/vendor/laravel/framework/src/Illuminate/Console/Command.php(136): Illuminate\\Container\\Container->call()
#29 /home/facundo/laravel-vue-crud/vendor/symfony/console/Command/Command.php(299): Illuminate\\Console\\Command->execute()
#30 /home/facundo/laravel-vue-crud/vendor/laravel/framework/src/Illuminate/Console/Command.php(121): Symfony\\Component\\Console\\Command\\Command->run()
#31 /home/facundo/laravel-vue-crud/vendor/laravel/framework/src/Illuminate/Console/Concerns/CallsCommands.php(68): Illuminate\\Console\\Command->run()
#32 /home/facundo/laravel-vue-crud/vendor/laravel/framework/src/Illuminate/Console/Concerns/CallsCommands.php(28): Illuminate\\Console\\Command->runCommand()
#33 /home/facundo/laravel-vue-crud/vendor/laravel/framework/src/Illuminate/Database/Console/Migrations/FreshCommand.php(90): Illuminate\\Console\\Command->call()
#34 /home/facundo/laravel-vue-crud/vendor/laravel/framework/src/Illuminate/Database/Console/Migrations/FreshCommand.php(65): Illuminate\\Database\\Console\\Migrations\\FreshCommand->runSeeder()
#35 /home/facundo/laravel-vue-crud/vendor/laravel/framework/src/Illuminate/Container/BoundMethod.php(36): Illuminate\\Database\\Console\\Migrations\\FreshCommand->handle()
#36 /home/facundo/laravel-vue-crud/vendor/laravel/framework/src/Illuminate/Container/Util.php(40): Illuminate\\Container\\BoundMethod::Illuminate\\Container\\{closure}()
#37 /home/facundo/laravel-vue-crud/vendor/laravel/framework/src/Illuminate/Container/BoundMethod.php(93): Illuminate\\Container\\Util::unwrapIfClosure()
#38 /home/facundo/laravel-vue-crud/vendor/laravel/framework/src/Illuminate/Container/BoundMethod.php(37): Illuminate\\Container\\BoundMethod::callBoundMethod()
#39 /home/facundo/laravel-vue-crud/vendor/laravel/framework/src/Illuminate/Container/Container.php(653): Illuminate\\Container\\BoundMethod::call()
#40 /home/facundo/laravel-vue-crud/vendor/laravel/framework/src/Illuminate/Console/Command.php(136): Illuminate\\Container\\Container->call()
#41 /home/facundo/laravel-vue-crud/vendor/symfony/console/Command/Command.php(299): Illuminate\\Console\\Command->execute()
#42 /home/facundo/laravel-vue-crud/vendor/laravel/framework/src/Illuminate/Console/Command.php(121): Symfony\\Component\\Console\\Command\\Command->run()
#43 /home/facundo/laravel-vue-crud/vendor/symfony/console/Application.php(978): Illuminate\\Console\\Command->run()
#44 /home/facundo/laravel-vue-crud/vendor/symfony/console/Application.php(295): Symfony\\Component\\Console\\Application->doRunCommand()
#45 /home/facundo/laravel-vue-crud/vendor/symfony/console/Application.php(167): Symfony\\Component\\Console\\Application->doRun()
#46 /home/facundo/laravel-vue-crud/vendor/laravel/framework/src/Illuminate/Console/Application.php(94): Symfony\\Component\\Console\\Application->run()
#47 /home/facundo/laravel-vue-crud/vendor/laravel/framework/src/Illuminate/Foundation/Console/Kernel.php(129): Illuminate\\Console\\Application->run()
#48 /home/facundo/laravel-vue-crud/artisan(37): Illuminate\\Foundation\\Console\\Kernel->handle()
#49 {main}

[previous exception] [object] (PDOException(code: 42S22): SQLSTATE[42S22]: Column not found: 1054 Unknown column 'email' in 'field list' at /home/facundo/laravel-vue-crud/vendor/laravel/framework/src/Illuminate/Database/Connection.php:486)
[stacktrace]
#0 /home/facundo/laravel-vue-crud/vendor/laravel/framework/src/Illuminate/Database/Connection.php(486): PDO->prepare()
#1 /home/facundo/laravel-vue-crud/vendor/laravel/framework/src/Illuminate/Database/Connection.php(696): Illuminate\\Database\\Connection->Illuminate\\Database\\{closure}()
#2 /home/facundo/laravel-vue-crud/vendor/laravel/framework/src/Illuminate/Database/Connection.php(663): Illuminate\\Database\\Connection->runQueryCallback()
#3 /home/facundo/laravel-vue-crud/vendor/laravel/framework/src/Illuminate/Database/Connection.php(493): Illuminate\\Database\\Connection->run()
#4 /home/facundo/laravel-vue-crud/vendor/laravel/framework/src/Illuminate/Database/Connection.php(445): Illuminate\\Database\\Connection->statement()
#5 /home/facundo/laravel-vue-crud/vendor/laravel/framework/src/Illuminate/Database/Query/Processors/Processor.php(32): Illuminate\\Database\\Connection->insert()
#6 /home/facundo/laravel-vue-crud/vendor/laravel/framework/src/Illuminate/Database/Query/Builder.php(2966): Illuminate\\Database\\Query\\Processors\\Processor->processInsertGetId()
#7 /home/facundo/laravel-vue-crud/vendor/laravel/framework/src/Illuminate/Database/Eloquent/Builder.php(1641): Illuminate\\Database\\Query\\Builder->insertGetId()
#8 /home/facundo/laravel-vue-crud/vendor/laravel/framework/src/Illuminate/Database/Eloquent/Model.php(1188): Illuminate\\Database\\Eloquent\\Builder->__call()
#9 /home/facundo/laravel-vue-crud/vendor/laravel/framework/src/Illuminate/Database/Eloquent/Model.php(1153): Illuminate\\Database\\Eloquent\\Model->insertAndSetId()
#10 /home/facundo/laravel-vue-crud/vendor/laravel/framework/src/Illuminate/Database/Eloquent/Model.php(994): Illuminate\\Database\\Eloquent\\Model->performInsert()
#11 /home/facundo/laravel-vue-crud/vendor/laravel/framework/src/Illuminate/Database/Eloquent/Factories/Factory.php(314): Illuminate\\Database\\Eloquent\\Model->save()
#12 /home/facundo/laravel-vue-crud/vendor/laravel/framework/src/Illuminate/Collections/Traits/EnumeratesValues.php(242): Illuminate\\Database\\Eloquent\\Factories\\Factory->Illuminate\\Database\\Eloquent\\Factories\\{closure}()
#13 /home/facundo/laravel-vue-crud/vendor/laravel/framework/src/Illuminate/Database/Eloquent/Factories/Factory.php(317): Illuminate\\Support\\Collection->each()
#14 /home/facundo/laravel-vue-crud/vendor/laravel/framework/src/Illuminate/Database/Eloquent/Factories/Factory.php(265): Illuminate\\Database\\Eloquent\\Factories\\Factory->store()
#15 /home/facundo/laravel-vue-crud/database/seeders/DatabaseSeeder.php(17): Illuminate\\Database\\Eloquent\\Factories\\Factory->create()
#16 /home/facundo/laravel-vue-crud/vendor/laravel/framework/src/Illuminate/Container/BoundMethod.php(36): Database\\Seeders\\DatabaseSeeder->run()
#17 /home/facundo/laravel-vue-crud/vendor/laravel/framework/src/Illuminate/Container/Util.php(40): Illuminate\\Container\\BoundMethod::Illuminate\\Container\\{closure}()
#18 /home/facundo/laravel-vue-crud/vendor/laravel/framework/src/Illuminate/Container/BoundMethod.php(93): Illuminate\\Container\\Util::unwrapIfClosure()
#19 /home/facundo/laravel-vue-crud/vendor/laravel/framework/src/Illuminate/Container/BoundMethod.php(37): Illuminate\\Container\\BoundMethod::callBoundMethod()
#20 /home/facundo/laravel-vue-crud/vendor/laravel/framework/src/Illuminate/Container/Container.php(653): Illuminate\\Container\\BoundMethod::call()
#21 /home/facundo/laravel-vue-crud/vendor/laravel/framework/src/Illuminate/Database/Seeder.php(149): Illuminate\\Container\\Container->call()
#22 /home/facundo/laravel-vue-crud/vendor/laravel/framework/src/Illuminate/Database/Console/Seeds/SeedCommand.php(66): Illuminate\\Database\\Seeder->__invoke()
#23 /home/facundo/laravel-vue-crud/vendor/laravel/framework/src/Illuminate/Database/Eloquent/Concerns/GuardsAttributes.php(157): Illuminate\\Database\\Console\\Seeds\\SeedCommand->Illuminate\\Database\\Console\\Seeds\\{closure}()
#24 /home/facundo/laravel-vue-crud/vendor/laravel/framework/src/Illuminate/Database/Console/Seeds/SeedCommand.php(67): Illuminate\\Database\\Eloquent\\Model::unguarded()
#25 /home/facundo/laravel-vue-crud/vendor/laravel/framework/src/Illuminate/Container/BoundMethod.php(36): Illuminate\\Database\\Console\\Seeds\\SeedCommand->handle()
#26 /home/facundo/laravel-vue-crud/vendor/laravel/framework/src/Illuminate/Container/Util.php(40): Illuminate\\Container\\BoundMethod::Illuminate\\Container\\{closure}()
#27 /home/facundo/laravel-vue-crud/vendor/laravel/framework/src/Illuminate/Container/BoundMethod.php(93): Illuminate\\Container\\Util::unwrapIfClosure()
#28 /home/facundo/laravel-vue-crud/vendor/laravel/framework/src/Illuminate/Container/BoundMethod.php(37): Illuminate\\Container\\BoundMethod::callBoundMethod()
#29 /home/facundo/laravel-vue-crud/vendor/laravel/framework/src/Illuminate/Container/Container.php(653): Illuminate\\Container\\BoundMethod::call()
#30 /home/facundo/laravel-vue-crud/vendor/laravel/framework/src/Illuminate/Console/Command.php(136): Illuminate\\Container\\Container->call()
#31 /home/facundo/laravel-vue-crud/vendor/symfony/console/Command/Command.php(299): Illuminate\\Console\\Command->execute()
#32 /home/facundo/laravel-vue-crud/vendor/laravel/framework/src/Illuminate/Console/Command.php(121): Symfony\\Component\\Console\\Command\\Command->run()
#33 /home/facundo/laravel-vue-crud/vendor/laravel/framework/src/Illuminate/Console/Concerns/CallsCommands.php(68): Illuminate\\Console\\Command->run()
#34 /home/facundo/laravel-vue-crud/vendor/laravel/framework/src/Illuminate/Console/Concerns/CallsCommands.php(28): Illuminate\\Console\\Command->runCommand()
#35 /home/facundo/laravel-vue-crud/vendor/laravel/framework/src/Illuminate/Database/Console/Migrations/FreshCommand.php(90): Illuminate\\Console\\Command->call()
#36 /home/facundo/laravel-vue-crud/vendor/laravel/framework/src/Illuminate/Database/Console/Migrations/FreshCommand.php(65): Illuminate\\Database\\Console\\Migrations\\FreshCommand->runSeeder()
#37 /home/facundo/laravel-vue-crud/vendor/laravel/framework/src/Illuminate/Container/BoundMethod.php(36): Illuminate\\Database\\Console\\Migrations\\FreshCommand->handle()
#38 /home/facundo/laravel-vue-crud/vendor/laravel/framework/src/Illuminate/Container/Util.php(40): Illuminate\\Container\\BoundMethod::Illuminate\\Container\\{closure}()
#39 /home/facundo/laravel-vue-crud/vendor/laravel/framework/src/Illuminate/Container/BoundMethod.php(93): Illuminate\\Container\\Util::unwrapIfClosure()
#40 /home/facundo/laravel-vue-crud/vendor/laravel/framework/src/Illuminate/Container/BoundMethod.php(37): Illuminate\\Container\\BoundMethod::callBoundMethod()
#41 /home/facundo/laravel-vue-crud/vendor/laravel/framework/src/Illuminate/Container/Container.php(653): Illuminate\\Container\\BoundMethod::call()
#42 /home/facundo/laravel-vue-crud/vendor/laravel/framework/src/Illuminate/Console/Command.php(136): Illuminate\\Container\\Container->call()
#43 /home/facundo/laravel-vue-crud/vendor/symfony/console/Command/Command.php(299): Illuminate\\Console\\Command->execute()
#44 /home/facundo/laravel-vue-crud/vendor/laravel/framework/src/Illuminate/Console/Command.php(121): Symfony\\Component\\Console\\Command\\Command->run()
#45 /home/facundo/laravel-vue-crud/vendor/symfony/console/Application.php(978): Illuminate\\Console\\Command->run()
#46 /home/facundo/laravel-vue-crud/vendor/symfony/console/Application.php(295): Symfony\\Component\\Console\\Application->doRunCommand()
#47 /home/facundo/laravel-vue-crud/vendor/symfony/console/Application.php(167): Symfony\\Component\\Console\\Application->doRun()
#48 /home/facundo/laravel-vue-crud/vendor/laravel/framework/src/Illuminate/Console/Application.php(94): Symfony\\Component\\Console\\Application->run()
#49 /home/facundo/laravel-vue-crud/vendor/laravel/framework/src/Illuminate/Foundation/Console/Kernel.php(129): Illuminate\\Console\\Application->run()
#50 /home/facundo/laravel-vue-crud/artisan(37): Illuminate\\Foundation\\Console\\Kernel->handle()
#51 {main}
"} 
[2021-11-21 20:44:09] local.ERROR: There are no commands defined in the "passport" namespace. {"exception":"[object] (Symfony\\Component\\Console\\Exception\\NamespaceNotFoundException(code: 0): There are no commands defined in the \"passport\" namespace. at /home/facundo/laravel-vue-crud/vendor/symfony/console/Application.php:612)
[stacktrace]
#0 /home/facundo/laravel-vue-crud/vendor/symfony/console/Application.php(663): Symfony\\Component\\Console\\Application->findNamespace()
#1 /home/facundo/laravel-vue-crud/vendor/symfony/console/Application.php(255): Symfony\\Component\\Console\\Application->find()
#2 /home/facundo/laravel-vue-crud/vendor/symfony/console/Application.php(167): Symfony\\Component\\Console\\Application->doRun()
#3 /home/facundo/laravel-vue-crud/vendor/laravel/framework/src/Illuminate/Console/Application.php(94): Symfony\\Component\\Console\\Application->run()
#4 /home/facundo/laravel-vue-crud/vendor/laravel/framework/src/Illuminate/Foundation/Console/Kernel.php(129): Illuminate\\Console\\Application->run()
#5 /home/facundo/laravel-vue-crud/artisan(37): Illuminate\\Foundation\\Console\\Kernel->handle()
#6 {main}
"} 
[2021-11-21 20:45:12] local.ERROR: There are no commands defined in the "passport" namespace. {"exception":"[object] (Symfony\\Component\\Console\\Exception\\NamespaceNotFoundException(code: 0): There are no commands defined in the \"passport\" namespace. at /home/facundo/laravel-vue-crud/vendor/symfony/console/Application.php:612)
[stacktrace]
#0 /home/facundo/laravel-vue-crud/vendor/symfony/console/Application.php(663): Symfony\\Component\\Console\\Application->findNamespace()
#1 /home/facundo/laravel-vue-crud/vendor/symfony/console/Application.php(255): Symfony\\Component\\Console\\Application->find()
#2 /home/facundo/laravel-vue-crud/vendor/symfony/console/Application.php(167): Symfony\\Component\\Console\\Application->doRun()
#3 /home/facundo/laravel-vue-crud/vendor/laravel/framework/src/Illuminate/Console/Application.php(94): Symfony\\Component\\Console\\Application->run()
#4 /home/facundo/laravel-vue-crud/vendor/laravel/framework/src/Illuminate/Foundation/Console/Kernel.php(129): Illuminate\\Console\\Application->run()
#5 /home/facundo/laravel-vue-crud/artisan(37): Illuminate\\Foundation\\Console\\Kernel->handle()
#6 {main}
"} 
[2021-11-21 20:45:17] local.ERROR: Command "passport" is not defined. {"exception":"[object] (Symfony\\Component\\Console\\Exception\\CommandNotFoundException(code: 0): Command \"passport\" is not defined. at /home/facundo/laravel-vue-crud/vendor/symfony/console/Application.php:682)
[stacktrace]
#0 /home/facundo/laravel-vue-crud/vendor/symfony/console/Application.php(255): Symfony\\Component\\Console\\Application->find()
#1 /home/facundo/laravel-vue-crud/vendor/symfony/console/Application.php(167): Symfony\\Component\\Console\\Application->doRun()
#2 /home/facundo/laravel-vue-crud/vendor/laravel/framework/src/Illuminate/Console/Application.php(94): Symfony\\Component\\Console\\Application->run()
#3 /home/facundo/laravel-vue-crud/vendor/laravel/framework/src/Illuminate/Foundation/Console/Kernel.php(129): Illuminate\\Console\\Application->run()
#4 /home/facundo/laravel-vue-crud/artisan(37): Illuminate\\Foundation\\Console\\Kernel->handle()
#5 {main}
"} 
